SF:lib/logic.dart
DA:6,2
DA:18,2
DA:24,2
DA:30,2
DA:36,2
DA:42,2
DA:52,1
DA:53,1
DA:54,0
DA:55,1
DA:56,2
DA:57,0
DA:58,2
DA:59,0
DA:60,2
DA:61,0
DA:62,2
DA:63,3
DA:65,1
DA:66,2
DA:67,0
DA:68,0
DA:69,0
DA:70,0
DA:71,0
DA:72,0
DA:74,0
DA:75,0
DA:76,0
DA:77,2
DA:78,2
DA:79,2
DA:80,0
DA:81,0
DA:82,0
DA:83,0
DA:85,1
DA:86,1
DA:89,2
DA:90,3
DA:92,1
DA:93,0
DA:94,0
DA:95,0
DA:96,2
DA:97,2
DA:99,0
DA:101,2
DA:104,1
DA:105,0
DA:107,3
DA:111,1
DA:112,1
DA:113,1
DA:114,1
DA:115,1
DA:118,1
DA:119,2
DA:122,0
DA:124,0
DA:126,0
DA:127,0
DA:129,0
DA:130,0
DA:132,0
DA:133,0
DA:134,0
DA:135,0
DA:137,2
DA:140,1
DA:142,1
DA:143,0
DA:145,1
DA:148,0
DA:149,0
DA:150,0
LF:76
LH:40
end_of_record
